Switching atp.
Switching cray-libsci.
Switching cray-python.
Switching craype.
Switching modules.
Switching perftools-base.
Switching pmi.
Switching to atp/3.8.1.
Switching to cray-libsci/20.09.1.
Switching to cray-python/3.8.5.0.
Switching to craype/2.7.3.
Switching to gcc/9.3.0.
Switching to perftools-base/20.10.0.
Switching to pmi/5.0.17.
numprocs=288

TIME HOST 0: 1.91 seconds (set up)
************

TIME HOST 0: 33.1 seconds (created cells)
************
Host 236  connected cells.
Host 260  connected cells.
Host 62  connected cells.
Host 21  connected cells.
Host 250  connected cells.
Host 61  connected cells.
Host 220  connected cells.
Host 264  connected cells.
Host 28  connected cells.
Host 16  connected cells.
Host 70  connected cells.
Host 242  connected cells.
Host 22  connected cells.
Host 240  connected cells.
Host 54  connected cells.
Host 232  connected cells.
Host 96  connected cells.
Host 64  connected cells.
Host 286  connected cells.
Host 30  connected cells.
Host 9  connected cells.
Host 23  connected cells.
Host 58  connected cells.
Host 195  connected cells.
Host 69  connected cells.
Host 224  connected cells.
Host 261  connected cells.
Host 2  connected cells.
Host 25  connected cells.
Host 7  connected cells.
Host 3  connected cells.
Host 24  connected cells.
Host 268  connected cells.
Host 137  connected cells.
Host 50  connected cells.
Host 269  connected cells.
Host 18  connected cells.
Host 164  connected cells.
Host 19  connected cells.
Host 217  connected cells.
Host 56  connected cells.
Host 248  connected cells.
Host 254  connected cells.
Host 252  connected cells.
Host 44  connected cells.
Host 15  connected cells.
Host 40  connected cells.
Host 241  connected cells.
Host 88  connected cells.
Host 80  connected cells.
Host 94  connected cells.
Host 81  connected cells.
Host 77  connected cells.
Host 76  connected cells.
Host 85  connected cells.
Host 98  connected cells.
Host 107  connected cells.
Host 75  connected cells.
Host 239  connected cells.
Host 106  connected cells.
Host 193  connected cells.
Host 199  connected cells.
Host 202  connected cells.
Host 66  connected cells.
Host 190  connected cells.
Host 203  connected cells.
Host 198  connected cells.
Host 204  connected cells.
Host 191  connected cells.
Host 209  connected cells.
Host 185  connected cells.
Host 33  connected cells.
Host 20  connected cells.
Host 38  connected cells.
Host 68  connected cells.
Host 276  connected cells.
Host 12  connected cells.
Host 45  connected cells.
Host 234  connected cells.
Host 237  connected cells.
Host 86  connected cells.
Host 253  connected cells.
Host 17  connected cells.
Host 102  connected cells.
Host 6  connected cells.
Host 127  connected cells.
Host 124  connected cells.
Host 132  connected cells.
Host 128  connected cells.
Host 139  connected cells.
Host 135  connected cells.
Host 35  connected cells.
Host 103  connected cells.
Host 53  connected cells.
Host 95  connected cells.
Host 228  connected cells.
Host 52  connected cells.
Host 115  connected cells.
Host 4  connected cells.
Host 48  connected cells.
Host 74  connected cells.
Host 46  connected cells.
Host 37  connected cells.
Host 114  connected cells.
Host 165  connected cells.
Host 175  connected cells.
Host 161  connected cells.
Host 93  connected cells.
Host 154  connected cells.
Host 157  connected cells.
Host 149  connected cells.
Host 39  connected cells.
Host 151  connected cells.
Host 57  connected cells.
Host 91  connected cells.
Host 87  connected cells.
Host 262  connected cells.
Host 97  connected cells.
Host 225  connected cells.
Host 78  connected cells.
Host 238  connected cells.
Host 214  connected cells.
Host 233  connected cells.
Host 34  connected cells.
Host 104  connected cells.
Host 29  connected cells.
Host 79  connected cells.
Host 160  connected cells.
Host 140  connected cells.
Host 272  connected cells.
Host 245  connected cells.
Host 89  connected cells.
Host 5  connected cells.
Host 10  connected cells.
Host 192  connected cells.
Host 226  connected cells.
Host 112  connected cells.
Host 72  connected cells.
Host 59  connected cells.
Host 84  connected cells.
Host 256  connected cells.
Host 285  connected cells.
Host 73  connected cells.
Host 244  connected cells.
Host 189  connected cells.
Host 183  connected cells.
Host 156  connected cells.
Host 141  connected cells.
Host 258  connected cells.
Host 266  connected cells.
Host 31  connected cells.
Host 246  connected cells.
Host 270  connected cells.
Host 32  connected cells.
Host 65  connected cells.
Host 14  connected cells.
Host 235  connected cells.
Host 42  connected cells.
Host 206  connected cells.
Host 243  connected cells.
Host 51  connected cells.
Host 67  connected cells.
Host 92  connected cells.
Host 27  connected cells.
Host 259  connected cells.
Host 279  connected cells.
Host 41  connected cells.
Host 142  connected cells.
Host 13  connected cells.
Host 8  connected cells.
Host 71  connected cells.
Host 100  connected cells.
Host 271  connected cells.
Host 118  connected cells.
Host 1  connected cells.
Host 282  connected cells.
Host 274  connected cells.
Host 26  connected cells.
Host 222  connected cells.
Host 125  connected cells.
Host 247  connected cells.
Host 280  connected cells.
Host 36  connected cells.
Host 105  connected cells.
Host 63  connected cells.
Host 267  connected cells.
Host 249  connected cells.
Host 197  connected cells.
Host 60  connected cells.
Host 11  connected cells.
Host 213  connected cells.
Host 251  connected cells.
Host 177  connected cells.
Host 277  connected cells.
Host 47  connected cells.
Host 210  connected cells.
Host 188  connected cells.
Host 120  connected cells.
Host 49  connected cells.
Host 168  connected cells.
Host 275  connected cells.
Host 101  connected cells.
Host 255  connected cells.
Host 278  connected cells.
Host 43  connected cells.
Host 221  connected cells.
Host 263  connected cells.
Host 257  connected cells.
Host 283  connected cells.
Host 186  connected cells.
Host 265  connected cells.
Host 55  connected cells.
Host 281  connected cells.
Host 196  connected cells.
Host 287  connected cells.
Host 82  connected cells.
Host 129  connected cells.
Host 99  connected cells.
Host 172  connected cells.
Host 208  connected cells.
Host 284  connected cells.
Host 211  connected cells.
Host 123  connected cells.
Host 273  connected cells.
Host 181  connected cells.
Host 218  connected cells.
Host 201  connected cells.
Host 152  connected cells.
Host 130  connected cells.
Host 194  connected cells.
Host 212  connected cells.
Host 90  connected cells.
Host 83  connected cells.
Host 126  connected cells.
Host 182  connected cells.
Host 200  connected cells.
Host 215  connected cells.
Host 229  connected cells.
Host 178  connected cells.
Host 230  connected cells.
Host 116  connected cells.
Host 159  connected cells.
Host 113  connected cells.
Host 227  connected cells.
Host 153  connected cells.
Host 207  connected cells.
Host 187  connected cells.
Host 121  connected cells.
Host 219  connected cells.
Host 166  connected cells.
Host 174  connected cells.
Host 122  connected cells.
Host 148  connected cells.
Host 176  connected cells.
Host 223  connected cells.
Host 134  connected cells.
Host 162  connected cells.
Host 184  connected cells.
Host 179  connected cells.
Host 205  connected cells.
Host 117  connected cells.
Host 231  connected cells.
Host 180  connected cells.
Host 170  connected cells.
Host 163  connected cells.
Host 119  connected cells.
Host 133  connected cells.
Host 150  connected cells.
Host 167  connected cells.
Host 173  connected cells.
Host 131  connected cells.
Host 158  connected cells.
Host 109  connected cells.
Host 110  connected cells.
Host 143  connected cells.
Host 171  connected cells.
Host 169  connected cells.
Host 155  connected cells.
Host 138  connected cells.
Host 216  connected cells.
Host 108  connected cells.
Host 111  connected cells.
Host 146  connected cells.
Host 147  connected cells.
Host 145  connected cells.
Host 136  connected cells.
Host 144  connected cells.
Host 0  connected cells.

TIME HOST 0: 61.21 seconds (connected cells)
************
100 ms interval at t=100 ms was 395.74 s

TIME HOST 0: 380.21 seconds (ran simulation)
************
load_balance = 0.999
exchange_time = 0.31 ms
****
TIME SUMMARY for host 0
set up in 1.91 seconds
created cells in 33.1 seconds
connected cells in 61.21 seconds
ran simulation in 380.21 seconds
wrote results in 70.2 seconds
TOTAL TIME   = 564.74 seconds
ALLOTTED TIME = 28800 seconds
************
This run is called: none
************


Batch Job Summary Report (version 21.01.1) for Job "BezaireSoltesz" (30081592) on daint

Job information (1/2)
-----------------------------------------------------------------------------------------------------
             Submit            Eligible               Start                 End    Elapsed Time limit
------------------- ------------------- ------------------- ------------------- ---------- ----------
2021-03-23T17:28:08 2021-03-23T17:28:08 2021-03-23T17:28:29 2021-03-23T17:38:09   00:09:40   00:30:00
-----------------------------------------------------------------------------------------------------

Job information (2/2)
-------------------------------------------------------------
    Username      Account    Partition   NNodes        Energy
------------ ------------ ------------ -------- -------------
    bp000108       ich008        debug        8   1212.072 kJ

